#
# There is insufficient memory for the Java Runtime Environment to continue.
# Native memory allocation (malloc) failed to allocate 131088 bytes for Chunk::new
# Possible reasons:
#   The system is out of physical RAM or swap space
#   The process is running with CompressedOops enabled, and the Java Heap may be blocking the growth of the native heap
# Possible solutions:
#   Reduce memory load on the system
#   Increase physical memory or swap space
#   Check if swap backing store is full
#   Decrease Java heap size (-Xmx/-Xms)
#   Decrease number of Java threads
#   Decrease Java thread stack sizes (-Xss)
#   Set larger code cache with -XX:ReservedCodeCacheSize=
#   JVM is running with Zero Based Compressed Oops mode in which the Java heap is
#     placed in the first 32GB address space. The Java Heap base address is the
#     maximum limit for the native heap growth. Please use -XX:HeapBaseMinAddress
#     to set the Java Heap base and to place the Java Heap above 32GB virtual address.
# This output file may be truncated or incomplete.
#
#  Out of Memory Error (arena.cpp:168), pid=8716, tid=21524
#
# JRE version: Java(TM) SE Runtime Environment (21.0.1+12) (build 21.0.1+12-LTS-29)
# Java VM: Java HotSpot(TM) 64-Bit Server VM (21.0.1+12-LTS-29, mixed mode, sharing, tiered, compressed oops, compressed class ptrs, g1 gc, windows-amd64)
# No core dump will be written. Minidumps are not enabled by default on client versions of Windows
#

---------------  S U M M A R Y ------------

Command Line: -agentlib:jdwp=transport=dt_socket,server=n,suspend=y,address=localhost:60919 -XX:+ShowCodeDetailsInExceptionMessages shintu.lib.DemoApplication

Host: AMD Ryzen 7 7735H with Radeon Graphics         , 16 cores, 27G,  Windows 11 , 64 bit Build 26100 (10.0.26100.3323)
Time: Tue Mar 25 12:17:17 2025 SE Asia Standard Time elapsed time: 2117.165254 seconds (0d 0h 35m 17s)

---------------  T H R E A D  ---------------

Current thread (0x000001a0204e25f0):  JavaThread "C2 CompilerThread4" daemon [_thread_in_native, id=21524, stack(0x00000092f8b00000,0x00000092f8c00000) (1024K)]


Current CompileTask:
C2:2117165 35216       4       org.springframework.beans.factory.support.AbstractBeanFactory::isTypeMatch (745 bytes)

Stack: [0x00000092f8b00000,0x00000092f8c00000]
Native frames: (J=compiled Java code, j=interpreted, Vv=VM code, C=native code)
V  [jvm.dll+0x6c9029]
V  [jvm.dll+0x854b81]
V  [jvm.dll+0x856e5e]
V  [jvm.dll+0x857543]
V  [jvm.dll+0x280c06]
V  [jvm.dll+0xc3ead]
V  [jvm.dll+0xc43c3]
V  [jvm.dll+0xcfc2d]
V  [jvm.dll+0x5f42bf]
V  [jvm.dll+0x252bef]
V  [jvm.dll+0x252fbf]
V  [jvm.dll+0x24b734]
V  [jvm.dll+0x248fa3]
V  [jvm.dll+0x1c9ca1]
V  [jvm.dll+0x2586b9]
V  [jvm.dll+0x256c9a]
V  [jvm.dll+0x3ef1b6]
V  [jvm.dll+0x7fd728]
V  [jvm.dll+0x6c777d]
C  [ucrtbase.dll+0x37b0]
C  [KERNEL32.DLL+0x2e8d7]
C  [ntdll.dll+0xbbf6c]


---------------  P R O C E S S  ---------------

Threads class SMR info:
_java_thread_list=0x000001a02d7d06d0, length=50, elements={
0x0000019fd5046310, 0x0000019fd5049030, 0x0000019fd504f400, 0x0000019fd5052ff0,
0x0000019fd5051e80, 0x0000019fd5054000, 0x0000019fd50561d0, 0x0000019fd5075e30,
0x0000019fd52cb550, 0x0000019fd52d03a0, 0x0000019fd52d0a20, 0x0000019fd52d5da0,
0x0000019fd52e8fd0, 0x000001a01ef746b0, 0x000001a0240fbca0, 0x000001a0240f9bd0,
0x000001a025b826f0, 0x000001a025b82060, 0x000001a0240f9540, 0x000001a025b854e0,
0x000001a025b83aa0, 0x000001a025b84130, 0x000001a025b86890, 0x000001a025b87c40,
0x000001a025b86f20, 0x000001a025b875b0, 0x000001a025b882d0, 0x000001a025b88ff0,
0x000001a025b89680, 0x000001a0240fb610, 0x000001a0240fa260, 0x000001a0240fc330,
0x000001a0240fc9c0, 0x000001a0240faf80, 0x000001a02388c7f0, 0x000001a02388adb0,
0x000001a02388ce80, 0x000001a02388e230, 0x000001a02388dba0, 0x000001a02388d510,
0x000001a0204e2cc0, 0x000001a0204e3a60, 0x000001a0204e3390, 0x000001a0204e03e0,
0x000001a0204e25f0, 0x000001a0204e4800, 0x000001a0204e1850, 0x000001a0204e77b0,
0x000001a0204e4130, 0x000001a0204e1180
}

Java Threads: ( => current thread )
  0x0000019fd5046310 JavaThread "Reference Handler"          daemon [_thread_blocked, id=10020, stack(0x00000092f7b00000,0x00000092f7c00000) (1024K)]
  0x0000019fd5049030 JavaThread "Finalizer"                  daemon [_thread_blocked, id=18960, stack(0x00000092f7c00000,0x00000092f7d00000) (1024K)]
  0x0000019fd504f400 JavaThread "Signal Dispatcher"          daemon [_thread_blocked, id=24280, stack(0x00000092f7d00000,0x00000092f7e00000) (1024K)]
  0x0000019fd5052ff0 JavaThread "Attach Listener"            daemon [_thread_blocked, id=5016, stack(0x00000092f7e00000,0x00000092f7f00000) (1024K)]
  0x0000019fd5051e80 JavaThread "Service Thread"             daemon [_thread_blocked, id=22776, stack(0x00000092f7f00000,0x00000092f8000000) (1024K)]
  0x0000019fd5054000 JavaThread "Monitor Deflation Thread"   daemon [_thread_blocked, id=9836, stack(0x00000092f8000000,0x00000092f8100000) (1024K)]
  0x0000019fd50561d0 JavaThread "C2 CompilerThread0"         daemon [_thread_in_native, id=21380, stack(0x00000092f8100000,0x00000092f8200000) (1024K)]
  0x0000019fd5075e30 JavaThread "C1 CompilerThread0"         daemon [_thread_in_vm, id=7656, stack(0x00000092f8200000,0x00000092f8300000) (1024K)]
  0x0000019fd52cb550 JavaThread "JDWP Transport Listener: dt_socket" daemon [_thread_blocked, id=20912, stack(0x00000092f8400000,0x00000092f8500000) (1024K)]
  0x0000019fd52d03a0 JavaThread "JDWP Event Helper Thread"   daemon [_thread_blocked, id=18284, stack(0x00000092f8500000,0x00000092f8600000) (1024K)]
  0x0000019fd52d0a20 JavaThread "JDWP Command Reader"        daemon [_thread_in_native, id=20252, stack(0x00000092f8600000,0x00000092f8700000) (1024K)]
  0x0000019fd52d5da0 JavaThread "Notification Thread"        daemon [_thread_blocked, id=14080, stack(0x00000092f8700000,0x00000092f8800000) (1024K)]
  0x0000019fd52e8fd0 JavaThread "Common-Cleaner"             daemon [_thread_blocked, id=14248, stack(0x00000092f8800000,0x00000092f8900000) (1024K)]
  0x000001a01ef746b0 JavaThread "mysql-cj-abandoned-connection-cleanup" daemon [_thread_blocked, id=13664, stack(0x00000092fa000000,0x00000092fa100000) (1024K)]
  0x000001a0240fbca0 JavaThread "pool-2-thread-1"                   [_thread_blocked, id=14552, stack(0x00000092f9a00000,0x00000092f9b00000) (1024K)]
  0x000001a0240f9bd0 JavaThread "Live Reload Server"         daemon [_thread_in_native, id=25068, stack(0x00000092fac00000,0x00000092fad00000) (1024K)]
  0x000001a025b826f0 JavaThread "DestroyJavaVM"                     [_thread_blocked, id=14300, stack(0x00000092f7300000,0x00000092f7400000) (1024K)]
  0x000001a025b82060 JavaThread "pool-3-thread-1"                   [_thread_blocked, id=12004, stack(0x00000092fa200000,0x00000092fa300000) (1024K)]
  0x000001a0240f9540 JavaThread "pool-4-thread-1"                   [_thread_blocked, id=15096, stack(0x00000092f9f00000,0x00000092fa000000) (1024K)]
  0x000001a025b854e0 JavaThread "File Watcher"               daemon [_thread_blocked, id=19724, stack(0x00000092f8300000,0x00000092f8400000) (1024K)]
  0x000001a025b83aa0 JavaThread "pool-5-thread-1"                   [_thread_blocked, id=12348, stack(0x00000092fa300000,0x00000092fa400000) (1024K)]
  0x000001a025b84130 JavaThread "File Watcher"               daemon [_thread_blocked, id=9160, stack(0x00000092f8a00000,0x00000092f8b00000) (1024K)]
  0x000001a025b86890 JavaThread "HikariPool-5 housekeeper"   daemon [_thread_blocked, id=15368, stack(0x00000092fa700000,0x00000092fa800000) (1024K)]
  0x000001a025b87c40 JavaThread "pool-6-thread-1"                   [_thread_blocked, id=23804, stack(0x00000092fa900000,0x00000092faa00000) (1024K)]
  0x000001a025b86f20 JavaThread "Catalina-utility-1"                [_thread_blocked, id=15116, stack(0x00000092faa00000,0x00000092fab00000) (1024K)]
  0x000001a025b875b0 JavaThread "Catalina-utility-2"                [_thread_blocked, id=21484, stack(0x00000092fab00000,0x00000092fac00000) (1024K)]
  0x000001a025b882d0 JavaThread "container-2"                       [_thread_blocked, id=23300, stack(0x00000092fad00000,0x00000092fae00000) (1024K)]
  0x000001a025b88ff0 JavaThread "File Watcher"               daemon [_thread_blocked, id=3916, stack(0x00000092fae00000,0x00000092faf00000) (1024K)]
  0x000001a025b89680 JavaThread "http-nio-8081-exec-1"       daemon [_thread_blocked, id=11032, stack(0x00000092faf00000,0x00000092fb000000) (1024K)]
  0x000001a0240fb610 JavaThread "http-nio-8081-exec-2"       daemon [_thread_in_native, id=11628, stack(0x00000092fb000000,0x00000092fb100000) (1024K)]
  0x000001a0240fa260 JavaThread "http-nio-8081-exec-3"       daemon [_thread_blocked, id=5784, stack(0x00000092fb100000,0x00000092fb200000) (1024K)]
  0x000001a0240fc330 JavaThread "http-nio-8081-exec-4"       daemon [_thread_blocked, id=17396, stack(0x00000092fb200000,0x00000092fb300000) (1024K)]
  0x000001a0240fc9c0 JavaThread "http-nio-8081-exec-5"       daemon [_thread_blocked, id=14428, stack(0x00000092fb300000,0x00000092fb400000) (1024K)]
  0x000001a0240faf80 JavaThread "http-nio-8081-exec-6"       daemon [_thread_blocked, id=9256, stack(0x00000092fb400000,0x00000092fb500000) (1024K)]
  0x000001a02388c7f0 JavaThread "http-nio-8081-exec-7"       daemon [_thread_blocked, id=22964, stack(0x00000092fb500000,0x00000092fb600000) (1024K)]
  0x000001a02388adb0 JavaThread "http-nio-8081-exec-8"       daemon [_thread_blocked, id=24052, stack(0x00000092fb600000,0x00000092fb700000) (1024K)]
  0x000001a02388ce80 JavaThread "http-nio-8081-exec-9"       daemon [_thread_blocked, id=4480, stack(0x00000092fb700000,0x00000092fb800000) (1024K)]
  0x000001a02388e230 JavaThread "http-nio-8081-exec-10"      daemon [_thread_blocked, id=18092, stack(0x00000092fb800000,0x00000092fb900000) (1024K)]
  0x000001a02388dba0 JavaThread "http-nio-8081-Poller"       daemon [_thread_in_native, id=10968, stack(0x00000092fb900000,0x00000092fba00000) (1024K)]
  0x000001a02388d510 JavaThread "http-nio-8081-Acceptor"     daemon [_thread_in_native, id=23792, stack(0x00000092fba00000,0x00000092fbb00000) (1024K)]
  0x000001a0204e2cc0 JavaThread "C2 CompilerThread1"         daemon [_thread_in_native, id=7216, stack(0x00000092f7000000,0x00000092f7100000) (1024K)]
  0x000001a0204e3a60 JavaThread "C2 CompilerThread2"         daemon [_thread_in_native, id=16332, stack(0x00000092f7100000,0x00000092f7200000) (1024K)]
  0x000001a0204e3390 JavaThread "C1 CompilerThread1"         daemon [_thread_in_native, id=10800, stack(0x00000092f7200000,0x00000092f7300000) (1024K)]
  0x000001a0204e03e0 JavaThread "C2 CompilerThread3"         daemon [_thread_in_native, id=9224, stack(0x00000092f8900000,0x00000092f8a00000) (1024K)]
=>0x000001a0204e25f0 JavaThread "C2 CompilerThread4"         daemon [_thread_in_native, id=21524, stack(0x00000092f8b00000,0x00000092f8c00000) (1024K)]
  0x000001a0204e4800 JavaThread "C2 CompilerThread5"         daemon [_thread_in_native, id=13472, stack(0x00000092f8d00000,0x00000092f8e00000) (1024K)]
  0x000001a0204e1850 JavaThread "C2 CompilerThread6"         daemon [_thread_in_native, id=16244, stack(0x00000092f9700000,0x00000092f9800000) (1024K)]
  0x000001a0204e77b0 JavaThread "C2 CompilerThread7"         daemon [_thread_in_native, id=13916, stack(0x00000092fa100000,0x00000092fa200000) (1024K)]
  0x000001a0204e4130 JavaThread "C1 CompilerThread2"         daemon [_thread_in_vm, id=17064, stack(0x00000092f8c00000,0x00000092f8d00000) (1024K)]
  0x000001a0204e1180 JavaThread "C1 CompilerThread3"         daemon [_thread_in_native, id=10620, stack(0x00000092f9800000,0x00000092f9900000) (1024K)]
Total: 50

Other Threads:
  0x0000019fd5025de0 VMThread "VM Thread"                           [id=24252, stack(0x00000092f7a00000,0x00000092f7b00000) (1024K)]
  0x0000019fd5010080 WatcherThread "VM Periodic Task Thread"        [id=10700, stack(0x00000092f7900000,0x00000092f7a00000) (1024K)]
  0x0000019fb113ead0 WorkerThread "GC Thread#0"                     [id=9644, stack(0x00000092f7400000,0x00000092f7500000) (1024K)]
  0x000001a01beaa900 WorkerThread "GC Thread#1"                     [id=7856, stack(0x00000092f8e00000,0x00000092f8f00000) (1024K)]
  0x000001a01bf04930 WorkerThread "GC Thread#2"                     [id=20432, stack(0x00000092f8f00000,0x00000092f9000000) (1024K)]
  0x000001a01b748790 WorkerThread "GC Thread#3"                     [id=12916, stack(0x00000092f9000000,0x00000092f9100000) (1024K)]
  0x000001a01b748b30 WorkerThread "GC Thread#4"                     [id=9260, stack(0x00000092f9100000,0x00000092f9200000) (1024K)]
  0x000001a01bf53050 WorkerThread "GC Thread#5"                     [id=24736, stack(0x00000092f9200000,0x00000092f9300000) (1024K)]
  0x000001a01bf533f0 WorkerThread "GC Thread#6"                     [id=24312, stack(0x00000092f9300000,0x00000092f9400000) (1024K)]
  0x000001a01bf53790 WorkerThread "GC Thread#7"                     [id=19020, stack(0x00000092f9400000,0x00000092f9500000) (1024K)]
  0x000001a01bf4db60 WorkerThread "GC Thread#8"                     [id=23620, stack(0x00000092f9500000,0x00000092f9600000) (1024K)]
  0x000001a01bfe37f0 WorkerThread "GC Thread#9"                     [id=16316, stack(0x00000092f9600000,0x00000092f9700000) (1024K)]
  0x000001a01bfe1e90 WorkerThread "GC Thread#10"                    [id=18948, stack(0x00000092f9900000,0x00000092f9a00000) (1024K)]
  0x000001a01bfe30b0 WorkerThread "GC Thread#11"                    [id=22680, stack(0x00000092f9b00000,0x00000092f9c00000) (1024K)]
  0x000001a01bfe2d10 WorkerThread "GC Thread#12"                    [id=24620, stack(0x00000092f9c00000,0x00000092f9d00000) (1024K)]
  0x0000019fd2040090 ConcurrentGCThread "G1 Main Marker"            [id=14768, stack(0x00000092f7500000,0x00000092f7600000) (1024K)]
  0x0000019fd2041330 WorkerThread "G1 Conc#0"                       [id=14648, stack(0x00000092f7600000,0x00000092f7700000) (1024K)]
  0x000001a01d10f940 WorkerThread "G1 Conc#1"                       [id=21696, stack(0x00000092f9d00000,0x00000092f9e00000) (1024K)]
  0x000001a01d10dc40 WorkerThread "G1 Conc#2"                       [id=12716, stack(0x00000092f9e00000,0x00000092f9f00000) (1024K)]
  0x0000019fd20e9f80 ConcurrentGCThread "G1 Refine#0"               [id=12532, stack(0x00000092f7700000,0x00000092f7800000) (1024K)]
  0x0000019fd20ef6d0 ConcurrentGCThread "G1 Service"                [id=22908, stack(0x00000092f7800000,0x00000092f7900000) (1024K)]
Total: 21

Threads with active compile tasks:
C2 CompilerThread0  2118220 35219       4       org.springframework.core.ResolvableType::hasGenerics (14 bytes)
C1 CompilerThread0  2118220 36252   !   2       sun.nio.ch.NioSocketImpl::setOption (538 bytes)
C2 CompilerThread1  2118220 35886       4       java.lang.StringLatin1::inflate (34 bytes)
C2 CompilerThread2  2118220 35247       4       org.springframework.core.BridgeMethodResolver::findBridgedMethod (9 bytes)
C1 CompilerThread1  2118220 36205       3       com.fasterxml.jackson.core.json.UTF8StreamJsonParser::_skipWSOrEnd (268 bytes)
C2 CompilerThread3  2118220 35184       4       org.springframework.core.annotation.MergedAnnotations::from (10 bytes)
C2 CompilerThread4  2118220 35216       4       org.springframework.beans.factory.support.AbstractBeanFactory::isTypeMatch (745 bytes)
C2 CompilerThread5  2118220 35717       4       org.springframework.core.ResolvableType::as (86 bytes)
C2 CompilerThread6  2118220 35192       4       org.springframework.core.annotation.AnnotationsScanner::getDeclaredAnnotations (166 bytes)
C2 CompilerThread7  2118220 35302 %     4       com.mysql.cj.QueryInfo::<init> @ 483 (1667 bytes)
C1 CompilerThread2  2118220 36219       2       java.io.WinNTFileSystem::normalize (224 bytes)
C1 CompilerThread3  2118220 36263       2       org.springframework.http.MediaType::getQualityValue (24 bytes)
Total: 12

VM state: not at safepoint (normal execution)

VM Mutex/Monitor currently owned by a thread: None

Heap address: 0x0000000644c00000, size: 7092 MB, Compressed Oops mode: Zero based, Oop shift amount: 3

CDS archive(s) mapped at: [0x0000019fd6000000-0x0000019fd6c90000-0x0000019fd6c90000), size 13172736, SharedBaseAddress: 0x0000019fd6000000, ArchiveRelocationMode: 1.
Compressed class space mapped at: 0x0000019fd7000000-0x000001a017000000, reserved size: 1073741824
Narrow klass base: 0x0000019fd6000000, Narrow klass shift: 0, Narrow klass range: 0x100000000

GC Precious Log:
 CardTable entry size: 512
 Card Set container configuration: InlinePtr #cards 4 size 8 Array Of Cards #cards 32 size 80 Howl #buckets 8 coarsen threshold 7372 Howl Bitmap #cards 1024 size 144 coarsen threshold 921 Card regions per heap region 1 cards per card region 8192
 CPUs: 16 total, 16 available
 Memory: 28356M
 Large Page Support: Disabled
 NUMA Support: Disabled
 Compressed Oops: Enabled (Zero based)
 Heap Region Size: 4M
 Heap Min Capacity: 8M
 Heap Initial Capacity: 444M
 Heap Max Capacity: 7092M
 Pre-touch: Disabled
 Parallel Workers: 13
 Concurrent Workers: 3
 Concurrent Refinement Workers: 13
 Periodic GC: Disabled

Heap:
 garbage-first heap   total 176128K, used 115491K [0x0000000644c00000, 0x0000000800000000)
  region size 4096K, 10 young (40960K), 1 survivors (4096K)
 Metaspace       used 106803K, committed 107840K, reserved 1179648K
  class space    used 13160K, committed 13632K, reserved 1048576K

Heap Regions: E=young(eden), S=young(survivor), O=old, HS=humongous(starts), HC=humongous(continues), CS=collection set, F=free, TAMS=top-at-mark-start, PB=parsable bottom
|   0|0x0000000644c00000, 0x0000000645000000, 0x0000000645000000|100%| O|  |TAMS 0x0000000644c00000| PB 0x0000000644c00000| Untracked 
|   1|0x0000000645000000, 0x0000000645400000, 0x0000000645400000|100%| O|  |TAMS 0x0000000645000000| PB 0x0000000645000000| Untracked 
|   2|0x0000000645400000, 0x0000000645800000, 0x0000000645800000|100%| O|  |TAMS 0x0000000645400000| PB 0x0000000645400000| Untracked 
|   3|0x0000000645800000, 0x0000000645c00000, 0x0000000645c00000|100%| O|  |TAMS 0x0000000645800000| PB 0x0000000645800000| Untracked 
|   4|0x0000000645c00000, 0x0000000645fffc28, 0x0000000646000000| 99%| O|  |TAMS 0x0000000645c00000| PB 0x0000000645c00000| Untracked 
|   5|0x0000000646000000, 0x00000006463ffff0, 0x0000000646400000| 99%| O|  |TAMS 0x0000000646000000| PB 0x0000000646000000| Untracked 
|   6|0x0000000646400000, 0x00000006467ffd38, 0x0000000646800000| 99%| O|  |TAMS 0x0000000646400000| PB 0x0000000646400000| Untracked 
|   7|0x0000000646800000, 0x0000000646bffff0, 0x0000000646c00000| 99%| O|  |TAMS 0x0000000646800000| PB 0x0000000646800000| Untracked 
|   8|0x0000000646c00000, 0x0000000646ffffe8, 0x0000000647000000| 99%| O|  |TAMS 0x0000000646c00000| PB 0x0000000646c00000| Untracked 
|   9|0x0000000647000000, 0x00000006473fffb0, 0x0000000647400000| 99%| O|  |TAMS 0x0000000647000000| PB 0x0000000647000000| Untracked 
|  10|0x0000000647400000, 0x0000000647800000, 0x0000000647800000|100%| O|  |TAMS 0x0000000647400000| PB 0x0000000647400000| Untracked 
|  11|0x0000000647800000, 0x0000000647c00000, 0x0000000647c00000|100%| O|  |TAMS 0x0000000647800000| PB 0x0000000647800000| Untracked 
|  12|0x0000000647c00000, 0x0000000648000000, 0x0000000648000000|100%| O|  |TAMS 0x0000000647c00000| PB 0x0000000647c00000| Untracked 
|  13|0x0000000648000000, 0x0000000648400000, 0x0000000648400000|100%| O|  |TAMS 0x0000000648000000| PB 0x0000000648000000| Untracked 
|  14|0x0000000648400000, 0x0000000648800000, 0x0000000648800000|100%| O|  |TAMS 0x0000000648400000| PB 0x0000000648400000| Untracked 
|  15|0x0000000648800000, 0x0000000648c00000, 0x0000000648c00000|100%| O|  |TAMS 0x0000000648800000| PB 0x0000000648800000| Untracked 
|  16|0x0000000648c00000, 0x0000000649000000, 0x0000000649000000|100%| O|  |TAMS 0x0000000648c00000| PB 0x0000000648c00000| Untracked 
|  17|0x0000000649000000, 0x00000006491c7400, 0x0000000649400000| 44%| O|  |TAMS 0x0000000649000000| PB 0x0000000649000000| Untracked 
|  18|0x0000000649400000, 0x0000000649800000, 0x0000000649800000|100%| O|Cm|TAMS 0x0000000649400000| PB 0x0000000649400000| Complete 
|  19|0x0000000649800000, 0x0000000649800000, 0x0000000649c00000|  0%| F|  |TAMS 0x0000000649800000| PB 0x0000000649800000| Untracked 
|  20|0x0000000649c00000, 0x000000064a000000, 0x000000064a000000|100%| O|  |TAMS 0x0000000649c00000| PB 0x0000000649c00000| Untracked 
|  21|0x000000064a000000, 0x000000064a000000, 0x000000064a400000|  0%| F|  |TAMS 0x000000064a000000| PB 0x000000064a000000| Untracked 
|  22|0x000000064a400000, 0x000000064a400000, 0x000000064a800000|  0%| F|  |TAMS 0x000000064a400000| PB 0x000000064a400000| Untracked 
|  23|0x000000064a800000, 0x000000064ab01f70, 0x000000064ac00000| 75%| S|CS|TAMS 0x000000064a800000| PB 0x000000064a800000| Complete 
|  24|0x000000064ac00000, 0x000000064ac00000, 0x000000064b000000|  0%| F|  |TAMS 0x000000064ac00000| PB 0x000000064ac00000| Untracked 
|  25|0x000000064b000000, 0x000000064b000000, 0x000000064b400000|  0%| F|  |TAMS 0x000000064b000000| PB 0x000000064b000000| Untracked 
|  26|0x000000064b400000, 0x000000064b400000, 0x000000064b800000|  0%| F|  |TAMS 0x000000064b400000| PB 0x000000064b400000| Untracked 
|  27|0x000000064b800000, 0x000000064b800000, 0x000000064bc00000|  0%| F|  |TAMS 0x000000064b800000| PB 0x000000064b800000| Untracked 
|  28|0x000000064bc00000, 0x000000064bc00000, 0x000000064c000000|  0%| F|  |TAMS 0x000000064bc00000| PB 0x000000064bc00000| Untracked 
|  29|0x000000064c000000, 0x000000064c000000, 0x000000064c400000|  0%| F|  |TAMS 0x000000064c000000| PB 0x000000064c000000| Untracked 
|  30|0x000000064c400000, 0x000000064c400000, 0x000000064c800000|  0%| F|  |TAMS 0x000000064c400000| PB 0x000000064c400000| Untracked 
|  31|0x000000064c800000, 0x000000064c800000, 0x000000064cc00000|  0%| F|  |TAMS 0x000000064c800000| PB 0x000000064c800000| Untracked 
|  32|0x000000064cc00000, 0x000000064cc00000, 0x000000064d000000|  0%| F|  |TAMS 0x000000064cc00000| PB 0x000000064cc00000| Untracked 
|  33|0x000000064d000000, 0x000000064d000000, 0x000000064d400000|  0%| F|  |TAMS 0x000000064d000000| PB 0x000000064d000000| Untracked 
|  34|0x000000064d400000, 0x000000064d4d3a50, 0x000000064d800000| 20%| E|  |TAMS 0x000000064d400000| PB 0x000000064d400000| Complete 
|  35|0x000000064d800000, 0x000000064dc00000, 0x000000064dc00000|100%| E|CS|TAMS 0x000000064d800000| PB 0x000000064d800000| Complete 
|  36|0x000000064dc00000, 0x000000064e000000, 0x000000064e000000|100%| E|CS|TAMS 0x000000064dc00000| PB 0x000000064dc00000| Complete 
|  37|0x000000064e000000, 0x000000064e400000, 0x000000064e400000|100%| E|CS|TAMS 0x000000064e000000| PB 0x000000064e000000| Complete 
|  38|0x000000064e400000, 0x000000064e800000, 0x000000064e800000|100%| E|CS|TAMS 0x000000064e400000| PB 0x000000064e400000| Complete 
| 100|0x000000065dc00000, 0x000000065e000000, 0x000000065e000000|100%| E|CS|TAMS 0x000000065dc00000| PB 0x000000065dc00000| Complete 
| 101|0x000000065e000000, 0x000000065e400000, 0x000000065e400000|100%| E|CS|TAMS 0x000000065e000000| PB 0x000000065e000000| Complete 
| 102|0x000000065e400000, 0x000000065e800000, 0x000000065e800000|100%| E|CS|TAMS 0x000000065e400000| PB 0x000000065e400000| Complete 
| 110|0x0000000660400000, 0x0000000660800000, 0x0000000660800000|100%| E|CS|TAMS 0x0000000660400000| PB 0x0000000660400000| Complete 

Card table byte_map: [0x0000019fca370000,0x0000019fcb150000] _byte_map_base: 0x0000019fc714a000

Marking Bits: (CMBitMap*) 0x0000019fb113f1d0
 Bits: [0x0000019fcb150000, 0x0000019fd2020000)

Polling page: 0x0000019faf810000

Metaspace:

Usage:
  Non-class:     91.45 MB used.
      Class:     12.85 MB used.
       Both:    104.30 MB used.

Virtual space:
  Non-class space:      128.00 MB reserved,      92.00 MB ( 72%) committed,  2 nodes.
      Class space:        1.00 GB reserved,      13.31 MB (  1%) committed,  1 nodes.
             Both:        1.12 GB reserved,     105.31 MB (  9%) committed. 

Chunk freelists:
   Non-Class:  3.28 MB
       Class:  2.59 MB
        Both:  5.88 MB

MaxMetaspaceSize: unlimited
CompressedClassSpaceSize: 1.00 GB
Initial GC threshold: 21.00 MB
Current GC threshold: 175.31 MB
CDS: on
 - commit_granule_bytes: 65536.
 - commit_granule_words: 8192.
 - virtual_space_node_default_size: 8388608.
 - enlarge_chunks_in_place: 1.
 - use_allocation_guard: 0.


Internal statistics:

num_allocs_failed_limit: 9.
num_arena_births: 1600.
num_arena_deaths: 74.
num_vsnodes_births: 3.
num_vsnodes_deaths: 0.
num_space_committed: 1684.
num_space_uncommitted: 0.
num_chunks_returned_to_freelist: 120.
num_chunks_taken_from_freelist: 5883.
num_chunk_merges: 31.
num_chunk_splits: 3990.
num_chunks_enlarged: 2922.
num_inconsistent_stats: 0.

CodeHeap 'non-profiled nmethods': size=119168Kb used=1887Kb max_used=12033Kb free=117280Kb
 bounds [0x0000019fc1180000, 0x0000019fc1d50000, 0x0000019fc85e0000]
CodeHeap 'profiled nmethods': size=119104Kb used=3940Kb max_used=29285Kb free=115163Kb
 bounds [0x0000019fb95e0000, 0x0000019fbb2d0000, 0x0000019fc0a30000]
CodeHeap 'non-nmethods': size=7488Kb used=3534Kb max_used=3656Kb free=3953Kb
 bounds [0x0000019fc0a30000, 0x0000019fc0dd0000, 0x0000019fc1180000]
 total_blobs=3616 nmethods=2830 adapters=685
 compilation: enabled
              stopped_count=0, restarted_count=0
 full_count=0

Compilation events (20 events):
Event: 2115.106 Thread 0x0000019fd5075e30 nmethod 36109 0x0000019fc1565890 code [0x0000019fc1565a20, 0x0000019fc1565af0]
Event: 2115.106 Thread 0x000001a0204e4130 nmethod 36173 0x0000019fc1565590 code [0x0000019fc1565720, 0x0000019fc15657f0]
Event: 2115.106 Thread 0x000001a0204e3390 36085       3       java.lang.invoke.VarHandleReferences$FieldInstanceReadWrite::weakCompareAndSet (48 bytes)
Event: 2115.106 Thread 0x000001a0204e1180 nmethod 35998 0x0000019fbacd2810 code [0x0000019fbacd29c0, 0x0000019fbacd2b88]
Event: 2115.106 Thread 0x0000019fd5075e30 36073       1       com.fasterxml.jackson.databind.type.SimpleType::refine (2 bytes)
Event: 2115.106 Thread 0x000001a0204e4130 36081       1       com.fasterxml.jackson.databind.util.ClassUtil$Ctor::getConstructor (5 bytes)
Event: 2115.107 Thread 0x000001a0204e1180 36136       1       com.fasterxml.jackson.databind.type.TypeBindings::hashCode (5 bytes)
Event: 2115.107 Thread 0x0000019fd5075e30 nmethod 36073 0x0000019fc1565290 code [0x0000019fc1565420, 0x0000019fc15654f0]
Event: 2115.107 Thread 0x000001a0204e4130 nmethod 36081 0x0000019fc1564f90 code [0x0000019fc1565120, 0x0000019fc15651f0]
Event: 2115.107 Thread 0x0000019fd5075e30 36169       1       org.springframework.web.method.support.ModelAndViewContainer::isRequestHandled (5 bytes)
Event: 2115.107 Thread 0x000001a0204e1180 nmethod 36136 0x0000019fc1564c90 code [0x0000019fc1564e20, 0x0000019fc1564ee8]
Event: 2115.107 Thread 0x0000019fd5075e30 nmethod 36169 0x0000019fc1564990 code [0x0000019fc1564b20, 0x0000019fc1564bf0]
Event: 2115.107 Thread 0x000001a0204e3390 nmethod 36085 0x0000019fb980e010 code [0x0000019fb980e2a0, 0x0000019fb980ece0]
Event: 2115.119 Thread 0x000001a0204e2cc0 nmethod 35191 0x0000019fc15c7490 code [0x0000019fc15c7a20, 0x0000019fc15cc298]
Event: 2115.125 Thread 0x000001a0204e2cc0 35745 %     4       java.util.Arrays::equals @ 30 (57 bytes)
Event: 2115.130 Thread 0x000001a0204e2cc0 nmethod 35745% 0x0000019fc1564410 code [0x0000019fc15645a0, 0x0000019fc1564800]
Event: 2115.131 Thread 0x000001a0204e2cc0 36038 %     4       java.lang.StringLatin1::toUpperCase @ 18 (186 bytes)
Event: 2115.815 Thread 0x000001a0204e4130 36175       2       org.apache.catalina.LifecycleEvent::getLifecycle (8 bytes)
Event: 2115.815 Thread 0x0000019fd5075e30 36174   !   2       org.apache.catalina.startup.Tomcat$FixContextListener::lifecycleEvent (81 bytes)
Event: 2115.816 Thread 0x000001a0204e3390 36176       2       org.springframework.boot.web.embedded.tomcat.TomcatServletWebServerFactory$StaticResourceConfigurer::lifecycleEvent (24 bytes)

GC Heap History (20 events):
Event: 1143.290 GC heap before
{Heap before GC invocations=81 (full 2):
 garbage-first heap   total 176128K, used 151375K [0x0000000644c00000, 0x0000000800000000)
  region size 4096K, 18 young (73728K), 2 survivors (8192K)
 Metaspace       used 106670K, committed 107712K, reserved 1179648K
  class space    used 13144K, committed 13632K, reserved 1048576K
}
Event: 1143.292 GC heap after
{Heap after GC invocations=82 (full 2):
 garbage-first heap   total 176128K, used 85836K [0x0000000644c00000, 0x0000000800000000)
  region size 4096K, 2 young (8192K), 2 survivors (8192K)
 Metaspace       used 106670K, committed 107712K, reserved 1179648K
  class space    used 13144K, committed 13632K, reserved 1048576K
}
Event: 1243.451 GC heap before
{Heap before GC invocations=82 (full 2):
 garbage-first heap   total 176128K, used 151372K [0x0000000644c00000, 0x0000000800000000)
  region size 4096K, 18 young (73728K), 2 survivors (8192K)
 Metaspace       used 106670K, committed 107712K, reserved 1179648K
  class space    used 13144K, committed 13632K, reserved 1048576K
}
Event: 1243.455 GC heap after
{Heap after GC invocations=83 (full 2):
 garbage-first heap   total 176128K, used 84376K [0x0000000644c00000, 0x0000000800000000)
  region size 4096K, 2 young (8192K), 2 survivors (8192K)
 Metaspace       used 106670K, committed 107712K, reserved 1179648K
  class space    used 13144K, committed 13632K, reserved 1048576K
}
Event: 1344.175 GC heap before
{Heap before GC invocations=83 (full 2):
 garbage-first heap   total 176128K, used 149912K [0x0000000644c00000, 0x0000000800000000)
  region size 4096K, 18 young (73728K), 2 survivors (8192K)
 Metaspace       used 106671K, committed 107712K, reserved 1179648K
  class space    used 13144K, committed 13632K, reserved 1048576K
}
Event: 1344.178 GC heap after
{Heap after GC invocations=84 (full 2):
 garbage-first heap   total 176128K, used 84188K [0x0000000644c00000, 0x0000000800000000)
  region size 4096K, 2 young (8192K), 2 survivors (8192K)
 Metaspace       used 106671K, committed 107712K, reserved 1179648K
  class space    used 13144K, committed 13632K, reserved 1048576K
}
Event: 1444.855 GC heap before
{Heap before GC invocations=85 (full 2):
 garbage-first heap   total 176128K, used 149724K [0x0000000644c00000, 0x0000000800000000)
  region size 4096K, 18 young (73728K), 2 survivors (8192K)
 Metaspace       used 106671K, committed 107712K, reserved 1179648K
  class space    used 13144K, committed 13632K, reserved 1048576K
}
Event: 1444.858 GC heap after
{Heap after GC invocations=86 (full 2):
 garbage-first heap   total 176128K, used 84275K [0x0000000644c00000, 0x0000000800000000)
  region size 4096K, 2 young (8192K), 2 survivors (8192K)
 Metaspace       used 106671K, committed 107712K, reserved 1179648K
  class space    used 13144K, committed 13632K, reserved 1048576K
}
Event: 1544.981 GC heap before
{Heap before GC invocations=86 (full 2):
 garbage-first heap   total 176128K, used 149811K [0x0000000644c00000, 0x0000000800000000)
  region size 4096K, 18 young (73728K), 2 survivors (8192K)
 Metaspace       used 106671K, committed 107712K, reserved 1179648K
  class space    used 13144K, committed 13632K, reserved 1048576K
}
Event: 1544.986 GC heap after
{Heap after GC invocations=87 (full 2):
 garbage-first heap   total 176128K, used 83259K [0x0000000644c00000, 0x0000000800000000)
  region size 4096K, 2 young (8192K), 2 survivors (8192K)
 Metaspace       used 106671K, committed 107712K, reserved 1179648K
  class space    used 13144K, committed 13632K, reserved 1048576K
}
Event: 1651.960 GC heap before
{Heap before GC invocations=87 (full 2):
 garbage-first heap   total 176128K, used 152891K [0x0000000644c00000, 0x0000000800000000)
  region size 4096K, 19 young (77824K), 2 survivors (8192K)
 Metaspace       used 106671K, committed 107712K, reserved 1179648K
  class space    used 13144K, committed 13632K, reserved 1048576K
}
Event: 1651.963 GC heap after
{Heap after GC invocations=88 (full 2):
 garbage-first heap   total 176128K, used 83177K [0x0000000644c00000, 0x0000000800000000)
  region size 4096K, 2 young (8192K), 2 survivors (8192K)
 Metaspace       used 106671K, committed 107712K, reserved 1179648K
  class space    used 13144K, committed 13632K, reserved 1048576K
}
Event: 1758.608 GC heap before
{Heap before GC invocations=89 (full 2):
 garbage-first heap   total 176128K, used 152809K [0x0000000644c00000, 0x0000000800000000)
  region size 4096K, 19 young (77824K), 2 survivors (8192K)
 Metaspace       used 106671K, committed 107712K, reserved 1179648K
  class space    used 13144K, committed 13632K, reserved 1048576K
}
Event: 1758.610 GC heap after
{Heap after GC invocations=90 (full 2):
 garbage-first heap   total 176128K, used 83045K [0x0000000644c00000, 0x0000000800000000)
  region size 4096K, 2 young (8192K), 2 survivors (8192K)
 Metaspace       used 106671K, committed 107712K, reserved 1179648K
  class space    used 13144K, committed 13632K, reserved 1048576K
}
Event: 1864.278 GC heap before
{Heap before GC invocations=90 (full 2):
 garbage-first heap   total 176128K, used 152677K [0x0000000644c00000, 0x0000000800000000)
  region size 4096K, 19 young (77824K), 2 survivors (8192K)
 Metaspace       used 106671K, committed 107712K, reserved 1179648K
  class space    used 13144K, committed 13632K, reserved 1048576K
}
Event: 1864.281 GC heap after
{Heap after GC invocations=91 (full 2):
 garbage-first heap   total 176128K, used 82523K [0x0000000644c00000, 0x0000000800000000)
  region size 4096K, 2 young (8192K), 2 survivors (8192K)
 Metaspace       used 106671K, committed 107712K, reserved 1179648K
  class space    used 13144K, committed 13632K, reserved 1048576K
}
Event: 1969.981 GC heap before
{Heap before GC invocations=91 (full 2):
 garbage-first heap   total 176128K, used 152155K [0x0000000644c00000, 0x0000000800000000)
  region size 4096K, 19 young (77824K), 2 survivors (8192K)
 Metaspace       used 106671K, committed 107712K, reserved 1179648K
  class space    used 13144K, committed 13632K, reserved 1048576K
}
Event: 1969.985 GC heap after
{Heap after GC invocations=92 (full 2):
 garbage-first heap   total 176128K, used 82530K [0x0000000644c00000, 0x0000000800000000)
  region size 4096K, 2 young (8192K), 2 survivors (8192K)
 Metaspace       used 106671K, committed 107712K, reserved 1179648K
  class space    used 13144K, committed 13632K, reserved 1048576K
}
Event: 2075.161 GC heap before
{Heap before GC invocations=93 (full 2):
 garbage-first heap   total 176128K, used 152162K [0x0000000644c00000, 0x0000000800000000)
  region size 4096K, 19 young (77824K), 2 survivors (8192K)
 Metaspace       used 106671K, committed 107712K, reserved 1179648K
  class space    used 13144K, committed 13632K, reserved 1048576K
}
Event: 2075.164 GC heap after
{Heap after GC invocations=94 (full 2):
 garbage-first heap   total 176128K, used 82723K [0x0000000644c00000, 0x0000000800000000)
  region size 4096K, 1 young (4096K), 1 survivors (4096K)
 Metaspace       used 106671K, committed 107712K, reserved 1179648K
  class space    used 13144K, committed 13632K, reserved 1048576K
}

Dll operation events (11 events):
Event: 0.006 Loaded shared library D:\jdk\bin\java.dll
Event: 0.026 Loaded shared library D:\jdk\bin\jsvml.dll
Event: 0.205 Loaded shared library D:\jdk\bin\net.dll
Event: 0.206 Loaded shared library D:\jdk\bin\nio.dll
Event: 0.208 Loaded shared library D:\jdk\bin\zip.dll
Event: 0.317 Loaded shared library D:\jdk\bin\jimage.dll
Event: 0.508 Loaded shared library D:\jdk\bin\management.dll
Event: 0.510 Loaded shared library D:\jdk\bin\management_ext.dll
Event: 1.135 Loaded shared library D:\jdk\bin\sunmscapi.dll
Event: 3.263 Loaded shared library D:\jdk\bin\verify.dll
Event: 3.964 Loaded shared library D:\jdk\bin\extnet.dll

Deoptimization events (20 events):
Event: 2112.602 Thread 0x000001a02388ce80 DEOPT PACKING pc=0x0000019fba22781c sp=0x00000092fb7fe1e0
Event: 2112.602 Thread 0x000001a02388ce80 DEOPT UNPACKING pc=0x0000019fc0a84e42 sp=0x00000092fb7fd758 mode 1
Event: 2112.602 Thread 0x000001a02388ce80 DEOPT PACKING pc=0x0000019fba22fe74 sp=0x00000092fb7fe340
Event: 2112.602 Thread 0x000001a02388ce80 DEOPT UNPACKING pc=0x0000019fc0a84e42 sp=0x00000092fb7fd7e8 mode 1
Event: 2112.602 Thread 0x000001a02388ce80 DEOPT PACKING pc=0x0000019fba22781c sp=0x00000092fb7fe4e0
Event: 2112.602 Thread 0x000001a02388ce80 DEOPT UNPACKING pc=0x0000019fc0a84e42 sp=0x00000092fb7fda58 mode 1
Event: 2112.603 Thread 0x000001a02388ce80 DEOPT PACKING pc=0x0000019fba22fe74 sp=0x00000092fb7fe640
Event: 2112.603 Thread 0x000001a02388ce80 DEOPT UNPACKING pc=0x0000019fc0a84e42 sp=0x00000092fb7fdae8 mode 1
Event: 2112.603 Thread 0x000001a02388ce80 DEOPT PACKING pc=0x0000019fba22781c sp=0x00000092fb7fe7e0
Event: 2112.603 Thread 0x000001a02388ce80 DEOPT UNPACKING pc=0x0000019fc0a84e42 sp=0x00000092fb7fdd58 mode 1
Event: 2112.603 Thread 0x000001a02388ce80 DEOPT PACKING pc=0x0000019fba22fe74 sp=0x00000092fb7fe940
Event: 2112.603 Thread 0x000001a02388ce80 DEOPT UNPACKING pc=0x0000019fc0a84e42 sp=0x00000092fb7fdde8 mode 1
Event: 2112.636 Thread 0x000001a02388ce80 DEOPT PACKING pc=0x0000019fb9822994 sp=0x00000092fb7fc440
Event: 2112.636 Thread 0x000001a02388ce80 DEOPT UNPACKING pc=0x0000019fc0a84e42 sp=0x00000092fb7fb968 mode 1
Event: 2113.903 Thread 0x000001a025b89680 DEOPT PACKING pc=0x0000019fbae7c5ee sp=0x00000092faff7be0
Event: 2113.904 Thread 0x000001a025b89680 DEOPT UNPACKING pc=0x0000019fc0a84e42 sp=0x00000092faff7020 mode 0
Event: 2113.957 Thread 0x000001a025b89680 DEOPT PACKING pc=0x0000019fbaae2b66 sp=0x00000092faff7040
Event: 2113.957 Thread 0x000001a025b89680 DEOPT UNPACKING pc=0x0000019fc0a84e42 sp=0x00000092faff64c8 mode 0
Event: 2114.019 Thread 0x000001a025b89680 DEOPT PACKING pc=0x0000019fbac482fc sp=0x00000092faff8f50
Event: 2114.019 Thread 0x000001a025b89680 DEOPT UNPACKING pc=0x0000019fc0a84e42 sp=0x00000092faff83f0 mode 0

Classes loaded (20 events):
Event: 241.487 Loading class sun/nio/cs/Surrogate$Parser
Event: 241.487 Loading class sun/nio/cs/Surrogate$Parser done
Event: 241.488 Loading class sun/nio/cs/Surrogate
Event: 241.488 Loading class sun/nio/cs/Surrogate done
Event: 622.761 Loading class java/util/concurrent/locks/AbstractQueuedSynchronizer$SharedNode
Event: 622.761 Loading class java/util/concurrent/locks/AbstractQueuedSynchronizer$SharedNode done
Event: 622.778 Loading class sun/security/ssl/Alert
Event: 622.778 Loading class sun/security/ssl/Alert done
Event: 622.778 Loading class sun/security/ssl/Alert$AlertConsumer
Event: 622.778 Loading class sun/security/ssl/Alert$AlertConsumer done
Event: 622.778 Loading class sun/security/ssl/Alert$Level
Event: 622.779 Loading class sun/security/ssl/Alert$Level done
Event: 622.779 Loading class sun/net/ConnectionResetException
Event: 622.779 Loading class sun/net/ConnectionResetException done
Event: 622.864 Loading class java/lang/ref/Finalizer$2
Event: 622.864 Loading class java/lang/ref/Finalizer$2 done
Event: 622.865 Loading class java/lang/ref/Finalizer$1
Event: 622.865 Loading class java/lang/ref/Finalizer$1 done
Event: 2112.623 Loading class jdk/internal/loader/BootLoader$PackageHelper
Event: 2112.623 Loading class jdk/internal/loader/BootLoader$PackageHelper done

Classes unloaded (20 events):
Event: 627.204 Thread 0x0000019fd5025de0 Unloading class 0x0000019fd7cbd800 'jdk/internal/reflect/GeneratedSerializationConstructorAccessor34'
Event: 627.204 Thread 0x0000019fd5025de0 Unloading class 0x0000019fd7cbd400 'jdk/internal/reflect/GeneratedSerializationConstructorAccessor33'
Event: 627.204 Thread 0x0000019fd5025de0 Unloading class 0x0000019fd7cbd000 'jdk/internal/reflect/GeneratedSerializationConstructorAccessor32'
Event: 627.205 Thread 0x0000019fd5025de0 Unloading class 0x0000019fd7cbcc00 'jdk/internal/reflect/GeneratedSerializationConstructorAccessor31'
Event: 627.205 Thread 0x0000019fd5025de0 Unloading class 0x0000019fd7cbc400 'jdk/internal/reflect/GeneratedSerializationConstructorAccessor30'
Event: 627.205 Thread 0x0000019fd5025de0 Unloading class 0x0000019fd7cbc000 'jdk/internal/reflect/GeneratedSerializationConstructorAccessor29'
Event: 627.205 Thread 0x0000019fd5025de0 Unloading class 0x0000019fd7cb0800 'jdk/internal/reflect/GeneratedSerializationConstructorAccessor28'
Event: 627.205 Thread 0x0000019fd5025de0 Unloading class 0x0000019fd7cad400 'jdk/internal/reflect/GeneratedSerializationConstructorAccessor27'
Event: 627.205 Thread 0x0000019fd5025de0 Unloading class 0x0000019fd7cad000 'jdk/internal/reflect/GeneratedSerializationConstructorAccessor26'
Event: 627.205 Thread 0x0000019fd5025de0 Unloading class 0x0000019fd7cacc00 'jdk/internal/reflect/GeneratedSerializationConstructorAccessor25'
Event: 627.205 Thread 0x0000019fd5025de0 Unloading class 0x0000019fd7cac800 'jdk/internal/reflect/GeneratedSerializationConstructorAccessor24'
Event: 627.205 Thread 0x0000019fd5025de0 Unloading class 0x0000019fd7cac400 'jdk/internal/reflect/GeneratedSerializationConstructorAccessor23'
Event: 627.205 Thread 0x0000019fd5025de0 Unloading class 0x0000019fd7cac000 'jdk/internal/reflect/GeneratedSerializationConstructorAccessor22'
Event: 627.205 Thread 0x0000019fd5025de0 Unloading class 0x0000019fd7ca1c00 'jdk/internal/reflect/GeneratedSerializationConstructorAccessor21'
Event: 627.205 Thread 0x0000019fd5025de0 Unloading class 0x0000019fd7ca1800 'jdk/internal/reflect/GeneratedSerializationConstructorAccessor20'
Event: 627.205 Thread 0x0000019fd5025de0 Unloading class 0x0000019fd7ca1400 'jdk/internal/reflect/GeneratedSerializationConstructorAccessor19'
Event: 627.205 Thread 0x0000019fd5025de0 Unloading class 0x0000019fd7ca1000 'jdk/internal/reflect/GeneratedSerializationConstructorAccessor18'
Event: 1042.668 Thread 0x0000019fd5025de0 Unloading class 0x0000019fd7d44000 'jdk/internal/reflect/GeneratedSerializationConstructorAccessor37'
Event: 1042.668 Thread 0x0000019fd5025de0 Unloading class 0x0000019fd7d39400 'jdk/internal/reflect/GeneratedSerializationConstructorAccessor36'
Event: 1042.668 Thread 0x0000019fd5025de0 Unloading class 0x0000019fd7d38800 'jdk/internal/reflect/GeneratedSerializationConstructorAccessor35'

Classes redefined (0 events):
No events

Internal exceptions (20 events):
Event: 658.105 Thread 0x000001a025b84130 Exception <a 'java/io/IOException'{0x000000064d1122d8}> (0x000000064d1122d8) 
thrown [s\open\src\hotspot\share\prims\jni.cpp, line 520]
Event: 658.106 Thread 0x000001a025b84130 Exception <a 'java/io/IOException'{0x000000064d112ef8}> (0x000000064d112ef8) 
thrown [s\open\src\hotspot\share\prims\jni.cpp, line 520]
Event: 658.110 Thread 0x000001a025b86f20 Exception <a 'java/lang/InterruptedException'{0x000000064d1a05b0}: sleep interrupted> (0x000000064d1a05b0) 
thrown [s\open\src\hotspot\share\prims\jvm.cpp, line 3074]
Event: 658.113 Thread 0x000001a025b83410 Exception <a 'java/lang/NoClassDefFoundError'{0x000000064d046890}: jakarta/validation/ValidationException> (0x000000064d046890) 
thrown [s\open\src\hotspot\share\classfile\systemDictionary.cpp, line 301]
Event: 658.113 Thread 0x000001a025b83410 Exception <a 'java/lang/NoClassDefFoundError'{0x000000064d048690}: liquibase/exception/ChangeLogParseException> (0x000000064d048690) 
thrown [s\open\src\hotspot\share\classfile\systemDictionary.cpp, line 301]
Event: 658.114 Thread 0x000001a025b83410 Exception <a 'java/lang/NoClassDefFoundError'{0x000000064d0594e0}: org/jooq/DSLContext> (0x000000064d0594e0) 
thrown [s\open\src\hotspot\share\oops\constantPool.cpp, line 871]
Event: 658.114 Thread 0x000001a025b83410 Exception <a 'java/lang/NoClassDefFoundError'{0x000000064d059dc0}: io/r2dbc/spi/ConnectionFactory> (0x000000064d059dc0) 
thrown [s\open\src\hotspot\share\oops\constantPool.cpp, line 871]
Event: 701.870 Thread 0x000001a025b86200 Exception <a 'sun/nio/fs/WindowsException'{0x000000065e49f6c0}> (0x000000065e49f6c0) 
thrown [s\open\src\hotspot\share\prims\jni.cpp, line 520]
Event: 702.972 Thread 0x000001a025b86200 Exception <a 'java/lang/NoClassDefFoundError'{0x000000064c32b3f8}: org/flywaydb/core/Flyway> (0x000000064c32b3f8) 
thrown [s\open\src\hotspot\share\oops\constantPool.cpp, line 871]
Event: 702.972 Thread 0x000001a025b86200 Exception <a 'java/lang/NoClassDefFoundError'{0x000000064c32ba58}: liquibase/integration/spring/SpringLiquibase> (0x000000064c32ba58) 
thrown [s\open\src\hotspot\share\oops\constantPool.cpp, line 871]
Event: 702.983 Thread 0x000001a025b86200 Exception <a 'java/lang/NoClassDefFoundError'{0x000000064bc044f8}: org/jooq/DSLContext> (0x000000064bc044f8) 
thrown [s\open\src\hotspot\share\oops\constantPool.cpp, line 871]
Event: 702.984 Thread 0x000001a025b86200 Exception <a 'java/lang/NoClassDefFoundError'{0x000000064bc24078}: org/springframework/batch/core/repository/JobRepository> (0x000000064bc24078) 
thrown [s\open\src\hotspot\share\oops\constantPool.cpp, line 871]
Event: 702.984 Thread 0x000001a025b86200 Exception <a 'java/lang/NoClassDefFoundError'{0x000000064bc246d0}: org/quartz/Scheduler> (0x000000064bc246d0) 
thrown [s\open\src\hotspot\share\oops\constantPool.cpp, line 871]
Event: 702.984 Thread 0x000001a025b86200 Exception <a 'java/lang/NoClassDefFoundError'{0x000000064bc24d50}: org/springframework/session/jdbc/JdbcIndexedSessionRepository> (0x000000064bc24d50) 
thrown [s\open\src\hotspot\share\oops\constantPool.cpp, line 871]
Event: 703.133 Thread 0x000001a025b86200 Exception <a 'java/io/FileNotFoundException'{0x000000064ac1eac0}> (0x000000064ac1eac0) 
thrown [s\open\src\hotspot\share\prims\jni.cpp, line 520]
Event: 704.670 Thread 0x000001a025b86200 Exception <a 'java/io/FileNotFoundException'{0x000000064e407a20}> (0x000000064e407a20) 
thrown [s\open\src\hotspot\share\prims\jni.cpp, line 520]
Event: 705.771 Thread 0x000001a025b86200 Exception <a 'java/io/FileNotFoundException'{0x000000064cb16018}> (0x000000064cb16018) 
thrown [s\open\src\hotspot\share\prims\jni.cpp, line 520]
Event: 705.772 Thread 0x000001a025b86200 Exception <a 'java/io/FileNotFoundException'{0x000000064cb1fda8}> (0x000000064cb1fda8) 
thrown [s\open\src\hotspot\share\prims\jni.cpp, line 520]
Event: 828.613 Thread 0x000001a0240fb610 Exception <a 'java/lang/NoSuchMethodError'{0x000000064cb60fa8}: 'java.lang.Object java.lang.invoke.DelegatingMethodHandle$Holder.reinvoke_L(java.lang.Object, java.lang.Object, java.lang.Object, java.lang.Object, java.lang.Object, java.lang.Object, java.lang.Object, java.lang.Object, java.lang.Object, java.lang.Object, java.lang.Object, java.lang.Object, java.lang.Object, java.lang.Object, java.lang.Object, java.lang.Object, java.lang.Object, java.lang.Object, java.lang.Object)'> (0x000000064cb60fa8) 
throw
Event: 2112.588 Thread 0x000001a02388ce80 Exception <a 'java/lang/NoSuchMethodError'{0x000000064de7c510}: 'java.lang.Object java.lang.invoke.Invokers$Holder.invoke_MT(java.lang.Object, java.lang.Object, java.lang.Object, java.lang.Object, java.lang.Object, java.lang.Object, java.lang.Object, java.lang.Object, java.lang.Object)'> (0x000000064de7c510) 
thrown [s\open\src\hotspot\share\interpreter\linkResolver.cpp, line 773]

ZGC Phase Switch (0 events):
No events

VM Operations (20 events):
Event: 1970.140 Executing VM operation: G1PauseCleanup
Event: 1970.140 Executing VM operation: G1PauseCleanup done
Event: 2075.161 Executing VM operation: G1CollectForAllocation (G1 Evacuation Pause)
Event: 2075.164 Executing VM operation: G1CollectForAllocation (G1 Evacuation Pause) done
Event: 2097.345 Executing VM operation: Cleanup
Event: 2097.345 Executing VM operation: Cleanup done
Event: 2098.348 Executing VM operation: Cleanup
Event: 2098.348 Executing VM operation: Cleanup done
Event: 2108.413 Executing VM operation: Cleanup
Event: 2108.413 Executing VM operation: Cleanup done
Event: 2111.428 Executing VM operation: Cleanup
Event: 2111.428 Executing VM operation: Cleanup done
Event: 2113.432 Executing VM operation: Cleanup
Event: 2113.432 Executing VM operation: Cleanup done
Event: 2114.040 Executing VM operation: ICBufferFull
Event: 2114.040 Executing VM operation: ICBufferFull done
Event: 2115.053 Executing VM operation: Cleanup
Event: 2115.053 Executing VM operation: Cleanup done
Event: 2116.057 Executing VM operation: Cleanup
Event: 2116.057 Executing VM operation: Cleanup done

Events (20 events):
Event: 2111.346 Thread 0x000001a0204e1180 Thread added: 0x000001a0204e1180
Event: 2111.346 Thread 0x000001a0204e25f0 Thread added: 0x000001a0204e25f0
Event: 2111.347 Thread 0x000001a0204e4ed0 Thread added: 0x000001a0204e4ed0
Event: 2112.363 Thread 0x000001a0204e4ed0 Thread exited: 0x000001a0204e4ed0
Event: 2112.538 Thread 0x000001a0204e25f0 Thread exited: 0x000001a0204e25f0
Event: 2112.539 Thread 0x000001a0204e1180 Thread exited: 0x000001a0204e1180
Event: 2112.539 Thread 0x000001a0204e4800 Thread exited: 0x000001a0204e4800
Event: 2112.539 Thread 0x000001a0204e03e0 Thread exited: 0x000001a0204e03e0
Event: 2112.549 Thread 0x000001a0204e03e0 Thread added: 0x000001a0204e03e0
Event: 2112.552 Thread 0x000001a0204e25f0 Thread added: 0x000001a0204e25f0
Event: 2112.553 Thread 0x000001a0204e4800 Thread added: 0x000001a0204e4800
Event: 2112.553 Thread 0x000001a0204e1180 Thread added: 0x000001a0204e1180
Event: 2112.564 Thread 0x000001a0204e70e0 Thread added: 0x000001a0204e70e0
Event: 2113.856 Thread 0x000001a0204e70e0 Thread exited: 0x000001a0204e70e0
Event: 2113.856 Thread 0x000001a0204e1850 Thread exited: 0x000001a0204e1850
Event: 2113.856 Thread 0x000001a0204e1180 Thread exited: 0x000001a0204e1180
Event: 2113.888 Thread 0x000001a0204e1850 Thread added: 0x000001a0204e1850
Event: 2113.890 Thread 0x000001a0204e1180 Thread added: 0x000001a0204e1180
Event: 2113.890 Thread 0x000001a0204e77b0 Thread added: 0x000001a0204e77b0
Event: 2115.816 Thread 0x000001a0204e1180 Thread exited: 0x000001a0204e1180


Dynamic libraries:
0x00007ff7ab180000 - 0x00007ff7ab190000 	D:\jdk\bin\java.exe
0x00007ffb7c800000 - 0x00007ffb7ca63000 	C:\WINDOWS\SYSTEM32\ntdll.dll
0x00007ffb7a6b0000 - 0x00007ffb7a777000 	C:\WINDOWS\System32\KERNEL32.DLL
0x00007ffb7a250000 - 0x00007ffb7a619000 	C:\WINDOWS\System32\KERNELBASE.dll
0x00007ffb79ca0000 - 0x00007ffb79dec000 	C:\WINDOWS\System32\ucrtbase.dll
0x00007ffb759f0000 - 0x00007ffb75a0b000 	D:\jdk\bin\VCRUNTIME140.dll
0x00007ffb747c0000 - 0x00007ffb747d9000 	D:\jdk\bin\jli.dll
0x00007ffb7b2e0000 - 0x00007ffb7b392000 	C:\WINDOWS\System32\ADVAPI32.dll
0x00007ffb7bbb0000 - 0x00007ffb7bc59000 	C:\WINDOWS\System32\msvcrt.dll
0x00007ffb7b230000 - 0x00007ffb7b2d6000 	C:\WINDOWS\System32\sechost.dll
0x00007ffb7c2d0000 - 0x00007ffb7c3e6000 	C:\WINDOWS\System32\RPCRT4.dll
0x00007ffb7bc60000 - 0x00007ffb7be2a000 	C:\WINDOWS\System32\USER32.dll
0x00007ffb55d20000 - 0x00007ffb55fb0000 	C:\WINDOWS\WinSxS\amd64_microsoft.windows.common-controls_6595b64144ccf1df_6.0.26100.3323_none_3e088096e3344490\COMCTL32.dll
0x00007ffb79c70000 - 0x00007ffb79c97000 	C:\WINDOWS\System32\win32u.dll
0x00007ffb7b200000 - 0x00007ffb7b22a000 	C:\WINDOWS\System32\GDI32.dll
0x00007ffb79a00000 - 0x00007ffb79b31000 	C:\WINDOWS\System32\gdi32full.dll
0x00007ffb79f60000 - 0x00007ffb7a003000 	C:\WINDOWS\System32\msvcp_win.dll
0x00007ffb73070000 - 0x00007ffb7307b000 	C:\WINDOWS\SYSTEM32\VERSION.dll
0x00007ffb7b1b0000 - 0x00007ffb7b1df000 	C:\WINDOWS\System32\IMM32.DLL
0x00007ffb75a90000 - 0x00007ffb75a9c000 	D:\jdk\bin\vcruntime140_1.dll
0x00007ffb6c870000 - 0x00007ffb6c8fe000 	D:\jdk\bin\msvcp140.dll
0x00007ffb24420000 - 0x00007ffb25135000 	D:\jdk\bin\server\jvm.dll
0x00007ffb7c4d0000 - 0x00007ffb7c544000 	C:\WINDOWS\System32\WS2_32.dll
0x00007ffb786b0000 - 0x00007ffb786fe000 	C:\WINDOWS\SYSTEM32\POWRPROF.dll
0x00007ffb70ec0000 - 0x00007ffb70ef6000 	C:\WINDOWS\SYSTEM32\WINMM.dll
0x00007ffb78690000 - 0x00007ffb786a4000 	C:\WINDOWS\SYSTEM32\UMPDC.dll
0x00007ffb78930000 - 0x00007ffb7894a000 	C:\WINDOWS\SYSTEM32\kernel.appcore.dll
0x00007ffb75a30000 - 0x00007ffb75a3a000 	D:\jdk\bin\jimage.dll
0x00007ffb772e0000 - 0x00007ffb77521000 	C:\WINDOWS\SYSTEM32\DBGHELP.DLL
0x00007ffb7b540000 - 0x00007ffb7b8c2000 	C:\WINDOWS\System32\combase.dll
0x00007ffb7c3f0000 - 0x00007ffb7c4c6000 	C:\WINDOWS\System32\OLEAUT32.dll
0x00007ffb626f0000 - 0x00007ffb62729000 	C:\WINDOWS\SYSTEM32\dbgcore.DLL
0x00007ffb79b40000 - 0x00007ffb79bd9000 	C:\WINDOWS\System32\bcryptPrimitives.dll
0x00007ffb664c0000 - 0x00007ffb664fc000 	D:\jdk\bin\jdwp.dll
0x00007ffb746d0000 - 0x00007ffb746ef000 	D:\jdk\bin\java.dll
0x00007ffb7a780000 - 0x00007ffb7ae95000 	C:\WINDOWS\System32\SHELL32.dll
0x00007ffb79df0000 - 0x00007ffb79f58000 	C:\WINDOWS\System32\wintypes.dll
0x00007ffb77720000 - 0x00007ffb77f65000 	C:\WINDOWS\SYSTEM32\windows.storage.dll
0x00007ffb7bab0000 - 0x00007ffb7bb9b000 	C:\WINDOWS\System32\SHCORE.dll
0x00007ffb7c6e0000 - 0x00007ffb7c73d000 	C:\WINDOWS\System32\shlwapi.dll
0x00007ffb79910000 - 0x00007ffb7993f000 	C:\WINDOWS\SYSTEM32\profapi.dll
0x00007ffb4cb20000 - 0x00007ffb4cbf7000 	D:\jdk\bin\jsvml.dll
0x00007ffb747b0000 - 0x00007ffb747bc000 	D:\jdk\bin\dt_socket.dll
0x00007ffb783a0000 - 0x00007ffb783d3000 	C:\WINDOWS\SYSTEM32\IPHLPAPI.DLL
0x00007ffb78e50000 - 0x00007ffb78eba000 	C:\WINDOWS\system32\mswsock.dll
0x00007ffb783e0000 - 0x00007ffb78505000 	C:\WINDOWS\SYSTEM32\DNSAPI.dll
0x00007ffb7c6b0000 - 0x00007ffb7c6ba000 	C:\WINDOWS\System32\NSI.dll
0x00007ffb72f20000 - 0x00007ffb72f2b000 	C:\Windows\System32\rasadhlp.dll
0x00007ffb74450000 - 0x00007ffb744d5000 	C:\WINDOWS\System32\fwpuclnt.dll
0x00007ffb74740000 - 0x00007ffb74750000 	D:\jdk\bin\net.dll
0x00007ffb73370000 - 0x00007ffb7348e000 	C:\WINDOWS\SYSTEM32\WINHTTP.dll
0x00007ffb741f0000 - 0x00007ffb74206000 	D:\jdk\bin\nio.dll
0x00007ffb72c30000 - 0x00007ffb72c48000 	D:\jdk\bin\zip.dll
0x00007ffb72060000 - 0x00007ffb7206a000 	D:\jdk\bin\management.dll
0x00007ffb72050000 - 0x00007ffb7205b000 	D:\jdk\bin\management_ext.dll
0x00007ffb7b1f0000 - 0x00007ffb7b1f8000 	C:\WINDOWS\System32\PSAPI.DLL
0x00007ffb72040000 - 0x00007ffb7204e000 	D:\jdk\bin\sunmscapi.dll
0x00007ffb7a010000 - 0x00007ffb7a187000 	C:\WINDOWS\System32\CRYPT32.dll
0x00007ffb792f0000 - 0x00007ffb79320000 	C:\WINDOWS\SYSTEM32\ncrypt.dll
0x00007ffb792a0000 - 0x00007ffb792df000 	C:\WINDOWS\SYSTEM32\NTASN1.dll
0x00007ffb790f0000 - 0x00007ffb7910c000 	C:\WINDOWS\SYSTEM32\CRYPTSP.dll
0x00007ffb78890000 - 0x00007ffb788ca000 	C:\WINDOWS\system32\rsaenh.dll
0x00007ffb78ef0000 - 0x00007ffb78f1b000 	C:\WINDOWS\SYSTEM32\USERENV.dll
0x00007ffb79330000 - 0x00007ffb79356000 	C:\WINDOWS\SYSTEM32\bcrypt.dll
0x00007ffb79110000 - 0x00007ffb7911c000 	C:\WINDOWS\SYSTEM32\CRYPTBASE.dll
0x00007ffb6c9a0000 - 0x00007ffb6c9b0000 	D:\jdk\bin\verify.dll
0x00007ffb6c990000 - 0x00007ffb6c997000 	D:\jdk\bin\extnet.dll
0x00007ffb72070000 - 0x00007ffb72078000 	C:\WINDOWS\system32\wshunix.dll

dbghelp: loaded successfully - version: 4.0.5 - missing functions: none
symbol engine: initialized successfully - sym options: 0x614 - pdb path: .;D:\jdk\bin;C:\WINDOWS\SYSTEM32;C:\WINDOWS\WinSxS\amd64_microsoft.windows.common-controls_6595b64144ccf1df_6.0.26100.3323_none_3e088096e3344490;D:\jdk\bin\server

VM Arguments:
jvm_args: -agentlib:jdwp=transport=dt_socket,server=n,suspend=y,address=localhost:60919 -XX:+ShowCodeDetailsInExceptionMessages 
java_command: shintu.lib.DemoApplication
java_class_path (initial): C:\Users\Admin\Desktop\unitec\demo\target\classes;C:\Users\Admin\.m2\repository\org\springframework\boot\spring-boot-starter-data-jpa\3.4.2\spring-boot-starter-data-jpa-3.4.2.jar;C:\Users\Admin\.m2\repository\org\springframework\boot\spring-boot-starter\3.4.2\spring-boot-starter-3.4.2.jar;C:\Users\Admin\.m2\repository\org\springframework\boot\spring-boot-starter-logging\3.4.2\spring-boot-starter-logging-3.4.2.jar;C:\Users\Admin\.m2\repository\ch\qos\logback\logback-classic\1.5.16\logback-classic-1.5.16.jar;C:\Users\Admin\.m2\repository\ch\qos\logback\logback-core\1.5.16\logback-core-1.5.16.jar;C:\Users\Admin\.m2\repository\org\apache\logging\log4j\log4j-to-slf4j\2.24.3\log4j-to-slf4j-2.24.3.jar;C:\Users\Admin\.m2\repository\org\apache\logging\log4j\log4j-api\2.24.3\log4j-api-2.24.3.jar;C:\Users\Admin\.m2\repository\org\slf4j\jul-to-slf4j\2.0.16\jul-to-slf4j-2.0.16.jar;C:\Users\Admin\.m2\repository\jakarta\annotation\jakarta.annotation-api\2.1.1\jakarta.annotation-api-2.1.1.jar;C:\Users\Admin\.m2\repository\org\yaml\snakeyaml\2.3\snakeyaml-2.3.jar;C:\Users\Admin\.m2\repository\org\springframework\boot\spring-boot-starter-jdbc\3.4.2\spring-boot-starter-jdbc-3.4.2.jar;C:\Users\Admin\.m2\repository\com\zaxxer\HikariCP\5.1.0\HikariCP-5.1.0.jar;C:\Users\Admin\.m2\repository\org\springframework\spring-jdbc\6.2.2\spring-jdbc-6.2.2.jar;C:\Users\Admin\.m2\repository\org\hibernate\orm\hibernate-core\6.6.5.Final\hibernate-core-6.6.5.Final.jar;C:\Users\Admin\.m2\repository\jakarta\persistence\jakarta.persistence-api\3.1.0\jakarta.persistence-api-3.1.0.jar;C:\Users\Admin\.m2\repository\jakarta\transaction\jakarta.transaction-api\2.0.1\jakarta.transaction-api-2.0.1.jar;C:\Users\Admin\.m2\repository\org\jboss\logging\jboss-logging\3.6.1.Final\jboss-logging-3.6.1.Final.jar;C:\Users\Admin\.m2\repository\org\hibernate\common\hibernate-commons-annotations\7.0.3.Final\hibernate-commons-annotations-7.0.3.Final.jar;C:\Users\Admin\.m2\repository\io\smallrye\jandex\3.2.0\jandex-3.2.0.jar;C:\Users\Admin\.m2\repository\com\fasterxml\classmate\1.7.0\classmate-1.7.0.jar;C:\Users\Admin\.m2\repository\net\bytebuddy\byte-buddy\1.15.11\byte-buddy-1.15.11.jar;C:\Users\Admin\.m2\repository\org\glassfish\jaxb\jaxb-runtime\4.0.5\jaxb-runtime-4.0.5.jar;C:\Users\Admin\.m2\repository\org\glassfish\jaxb\jaxb-core\4.0.5\jaxb-core-4.0.5.jar;C:\Users\Admin\.m2\repository\org\glassfish\jaxb\txw2\4.0.5\txw2-4.0.5.jar;C:\Users\Admin\.m2\repository\com\sun\istack\istack-commons-runtime\4.1.2\istack-commons-runtime-4.1.2.jar;C:\Users\Admin\.m2\repository\jakarta\inject\jakarta.inject-api\2.0.1\jakarta.inject-api-2.0.1.jar;C:\Users\Admin\.m2\repository\org\antlr\antlr4-runtime\4.13.0\antlr4-runtime-4.13.0.jar;C:\Users\Admin\.m2\repository\org\springframework\data\spring-data-jpa\3.4.2\spring-data-jpa-3.4.2.jar;C:\Users\Admin\.m2\repository\org\springframework\data\spring-data-commons\3.4.2\spring-data-commons-3.4.2.jar;C:\Users\Admin\.m2\repository\org\springframework\spring-orm\6.2.2\spring-orm-6.2.2.jar;C:\Users\Admin\.m2\repository\org\springframework\spring-tx\6.2.2\spring-tx-6.2.2.jar;C:\Users\Admin\.m2\repository\org\springframework\spring-aspects\6.2.2\spring-aspects-6.2.2.jar;C:\Users\Admin\.m2\repository\org\aspectj\aspectjweaver\1.9.22.1\aspectjweaver-1.9.22.1.jar;C:\Users\Admin\.m2\repository\org\springframework\boot\spring-boot-devtools\3.4.2\spring-boot-devtools-3.4.2.jar;C:\Users\Admin\.m2\repository\org\springframework\boot\spring-boot\3.4.2\spring-boot-3.4.2.jar;C:\Users\Admin\.m2\repository\org\springframework\boot\spring-boot-autoconfigure\3.4.2\spring-boot-autoconfigure-3.4.2.jar;C:\Users\Admin\.m2\repository\com\mysql\mysql-connector-j\9.1.0\mysql-connector-j-9.1.0.jar;C:\Users\Admin\.m2\repository\org\projectlombok\lombok\1.18.36\lombok-1.18.36.jar;C:\Users\Admin\.m2\repository\jakarta\xml\bind\jakarta.xml.bind-api\4.0.2\jakarta.xml.bind-api-4.0.2.jar;C:\Users\Admin\.m2\repository\jakarta\activation\jakarta.activation-api\2.1.3\jakarta.activation-api-2.1.3.jar;C:\Users\Admin\.m2\repository\net\minidev\json-smart\2.5.1\json-smart-2.5.1.jar;C:\Users\Admin\.m2\repository\net\minidev\accessors-smart\2.5.1\accessors-smart-2.5.1.jar;C:\Users\Admin\.m2\repository\org\ow2\asm\asm\9.6\asm-9.6.jar;C:\Users\Admin\.m2\repository\org\springframework\spring-core\6.2.2\spring-core-6.2.2.jar;C:\Users\Admin\.m2\repository\org\springframework\spring-jcl\6.2.2\spring-jcl-6.2.2.jar;C:\Users\Admin\.m2\repository\org\springframework\boot\spring-boot-starter-mail\3.4.2\spring-boot-starter-mail-3.4.2.jar;C:\Users\Admin\.m2\repository\org\springframework\spring-context-support\6.2.2\spring-context-support-6.2.2.jar;C:\Users\Admin\.m2\repository\org\eclipse\angus\jakarta.mail\2.0.3\jakarta.mail-2.0.3.jar;C:\Users\Admin\.m2\repository\org\eclipse\angus\angus-activation\2.0.2\angus-activation-2.0.2.jar;C:\Users\Admin\.m2\repository\com\sun\mail\jakarta.mail\1.6.7\jakarta.mail-1.6.7.jar;C:\Users\Admin\.m2\repository\com\sun\activation\jakarta.activation\1.2.1\jakarta.activation-1.2.1.jar;C:\Users\Admin\.m2\repository\io\jsonwebtoken\jjwt-api\0.11.5\jjwt-api-0.11.5.jar;C:\Users\Admin\.m2\repository\io\jsonwebtoken\jjwt-impl\0.11.5\jjwt-impl-0.11.5.jar;C:\Users\Admin\.m2\repository\io\jsonwebtoken\jjwt-jackson\0.11.5\jjwt-jackson-0.11.5.jar;C:\Users\Admin\.m2\repository\com\fasterxml\jackson\core\jackson-databind\2.18.2\jackson-databind-2.18.2.jar;C:\Users\Admin\.m2\repository\com\fasterxml\jackson\core\jackson-annotations\2.18.2\jackson-annotations-2.18.2.jar;C:\Users\Admin\.m2\repository\com\fasterxml\jackson\core\jackson-core\2.18.2\jackson-core-2.18.2.jar;C:\Users\Admin\.m2\repository\org\springframework\boot\spring-boot-starter-security\3.4.2\spring-boot-starter-security-3.4.2.jar;C:\Users\Admin\.m2\repository\org\springframework\spring-aop\6.2.2\spring-aop-6.2.2.jar;C:\Users\Admin\.m2\repository\org\springframework\security\spring-security-config\6.4.2\spring-security-config-6.4.2.jar;C:\Users\Admin\.m2\repository\org\springframework\security\spring-security-web\6.4.2\spring-security-web-6.4.2.jar;C:\Users\Admin\.m2\repository\org\springframework\spring-web\6.2.2\spring-web-6.2.2.jar;C:\Users\Admin\.m2\repository\org\springframework\security\spring-security-core\6.4.2\spring-security-core-6.4.2.jar;C:\Users\Admin\.m2\repository\org\springframework\security\spring-security-crypto\6.4.2\spring-security-crypto-6.4.2.jar;C:\Users\Admin\.m2\repository\org\springframework\spring-beans\6.2.2\spring-beans-6.2.2.jar;C:\Users\Admin\.m2\repository\org\springframework\spring-context\6.2.2\spring-context-6.2.2.jar;C:\Users\Admin\.m2\repository\org\springframework\spring-expression\6.2.2\spring-expression-6.2.2.jar;C:\Users\Admin\.m2\repository\io\micrometer\micrometer-observation\1.14.3\micrometer-observation-1.14.3.jar;C:\Users\Admin\.m2\repository\io\micrometer\micrometer-commons\1.14.3\micrometer-commons-1.14.3.jar;C:\Users\Admin\.m2\repository\org\springframework\boot\spring-boot-starter-oauth2-authorization-server\3.4.2\spring-boot-starter-oauth2-authorization-server-3.4.2.jar;C:\Users\Admin\.m2\repository\org\springframework\boot\spring-boot-starter-web\3.4.2\spring-boot-starter-web-3.4.2.jar;C:\Users\Admin\.m2\repository\org\springframework\boot\spring-boot-starter-json\3.4.2\spring-boot-starter-json-3.4.2.jar;C:\Users\Admin\.m2\repository\com\fasterxml\jackson\datatype\jackson-datatype-jdk8\2.18.2\jackson-datatype-jdk8-2.18.2.jar;C:\Users\Admin\.m2\repository\com\fasterxml\jackson\datatype\jackson-datatype-jsr310\2.18.2\jackson-datatype-jsr310-2.18.2.jar;C:\Users\Admin\.m2\repository\com\fasterxml\jackson\module\jackson-module-parameter-names\2.18.2\jackson-module-parameter-names-2.18.2.jar;C:\Users\Admin\.m2\repository\org\springframework\boot\spring-boot-starter-tomcat\3.4.2\spring-boot-starter-tomcat-3.4.2.jar;C:\Users\Admin\.m2\repository\org\apache\tomcat\embed\tomcat-embed-core\10.1.34\tomcat-embed-core-10.1.34.jar;C:\Users\Admin\.m2\repository\org\apache\tomcat\embed\tomcat-embed-el\10.1.34\tomcat-embed-el-10.1.34.jar;C:\Users\Admin\.m2\repository\org\apache\tomcat\embed\tomcat-embed-websocket\10.1.34\tomcat-embed-websocket-10.1.34.jar;C:\Users\Admin\.m2\repository\org\springframework\spring-webmvc\6.2.2\spring-webmvc-6.2.2.jar;C:\Users\Admin\.m2\repository\org\springframework\security\spring-security-oauth2-authorization-server\1.4.1\spring-security-oauth2-authorization-server-1.4.1.jar;C:\Users\Admin\.m2\repository\org\springframework\security\spring-security-oauth2-core\6.4.2\spring-security-oauth2-core-6.4.2.jar;C:\Users\Admin\.m2\repository\org\springframework\security\spring-security-oauth2-resource-server\6.4.2\spring-security-oauth2-resource-server-6.4.2.jar;C:\Users\Admin\.m2\repository\com\nimbusds\nimbus-jose-jwt\9.47\nimbus-jose-jwt-9.47.jar;C:\Users\Admin\.m2\repository\org\springframework\boot\spring-boot-starter-oauth2-client\3.4.2\spring-boot-starter-oauth2-client-3.4.2.jar;C:\Users\Admin\.m2\repository\org\springframework\security\spring-security-oauth2-client\6.4.2\spring-security-oauth2-client-6.4.2.jar;C:\Users\Admin\.m2\repository\com\nimbusds\oauth2-oidc-sdk\9.43.4\oauth2-oidc-sdk-9.43.4.jar;C:\Users\Admin\.m2\repository\com\github\stephenc\jcip\jcip-annotations\1.0-1\jcip-annotations-1.0-1.jar;C:\Users\Admin\.m2\repository\com\nimbusds\content-type\2.2\content-type-2.2.jar;C:\Users\Admin\.m2\repository\com\nimbusds\lang-tag\1.7\lang-tag-1.7.jar;C:\Users\Admin\.m2\repository\org\springframework\security\spring-security-oauth2-jose\6.4.2\spring-security-oauth2-jose-6.4.2.jar;C:\Users\Admin\.m2\repository\com\google\firebase\firebase-admin\9.0.0\firebase-admin-9.0.0.jar;C:\Users\Admin\.m2\repository\com\google\api-client\google-api-client\1.35.1\google-api-client-1.35.1.jar;C:\Users\Admin\.m2\repository\com\google\oauth-client\google-oauth-client\1.34.1\google-oauth-client-1.34.1.jar;C:\Users\Admin\.m2\repository\com\google\http-client\google-http-client-gson\1.42.0\google-http-client-gson-1.42.0.jar;C:\Users\Admin\.m2\repository\com\google\http-client\google-http-client-apache-v2\1.42.0\google-http-client-apache-v2-1.42.0.jar;C:\Users\Admin\.m2\repository\org\apache\httpcomponents\httpcore\4.4.16\httpcore-4.4.16.jar;C:\Users\Admin\.m2\repository\org\apache\httpcomponents\httpclient\4.5.13\httpclient-4.5.13.jar;C:\Users\Admin\.m2\repository\com\google\api-client\google-api-client-gson\1.35.1\google-api-client-gson-1.35.1.jar;C:\Users\Admin\.m2\repository\com\google\http-client\google-http-client\1.41.8\google-http-client-1.41.8.jar;C:\Users\Admin\.m2\repository\com\google\code\findbugs\jsr305\3.0.2\jsr305-3.0.2.jar;C:\Users\Admin\.m2\repository\com\google\j2objc\j2objc-annotations\1.3\j2objc-annotations-1.3.jar;C:\Users\Admin\.m2\repository\io\opencensus\opencensus-api\0.31.0\opencensus-api-0.31.0.jar;C:\Users\Admin\.m2\repository\io\opencensus\opencensus-contrib-http-util\0.31.0\opencensus-contrib-http-util-0.31.0.jar;C:\Users\Admin\.m2\repository\com\google\api\api-common\2.2.0\api-common-2.2.0.jar;C:\Users\Admin\.m2\repository\javax\annotation\javax.annotation-api\1.3.2\javax.annotation-api-1.3.2.jar;C:\Users\Admin\.m2\repository\com\google\auto\value\auto-value-annotations\1.9\auto-value-annotations-1.9.jar;C:\Users\Admin\.m2\repository\com\google\auth\google-auth-library-oauth2-http\1.7.0\google-auth-library-oauth2-http-1.7.0.jar;C:\Users\Admin\.m2\repository\com\google\auth\google-auth-library-credentials\1.7.0\google-auth-library-credentials-1.7.0.jar;C:\Users\Admin\.m2\repository\com\google\cloud\google-cloud-storage\2.7.2\google-cloud-storage-2.7.2.jar;C:\Users\Admin\.m2\repository\com\google\guava\failureaccess\1.0.1\failureaccess-1.0.1.jar;C:\Users\Admin\.m2\repository\com\google\guava\listenablefuture\9999.0-empty-to-avoid-conflict-with-guava\listenablefuture-9999.0-empty-to-avoid-conflict-with-guava.jar;C:\Users\Admin\.m2\repository\com\google\http-client\google-http-client-jackson2\1.41.8\google-http-client-jackson2-1.41.8.jar;C:\Users\Admin\.m2\repository\com\google\apis\google-api-services-storage\v1-rev20220509-1.32.1\google-api-services-storage-v1-rev20220509-1.32.1.jar;C:\Users\Admin\.m2\repository\com\google\code\gson\gson\2.11.0\gson-2.11.0.jar;C:\Users\Admin\.m2\repository\com\google\cloud\google-cloud-core\2.7.1\google-cloud-core-2.7.1.jar;C:\Users\Admin\.m2\repository\com\google\api\grpc\proto-google-common-protos\2.8.3\proto-google-common-protos-2.8.3.jar;C:\Users\Admin\.m2\repository\com\google\cloud\google-cloud-core-http\2.7.1\google-cloud-core-http-2.7.1.jar;C:\Users\Admin\.m2\repository\com\google\http-client\google-http-client-appengine\1.41.8\google-http-client-appengine-1.41.8.jar;C:\Users\Admin\.m2\repository\com\google\api\gax-httpjson\0.103.1\gax-httpjson-0.103.1.jar;C:\Users\Admin\.m2\repository\com\google\api\gax\2.18.1\gax-2.18.1.jar;C:\Users\Admin\.m2\repository\io\grpc\grpc-context\1.46.0\grpc-context-1.46.0.jar;C:\Users\Admin\.m2\repository\com\google\api\grpc\proto-google-iam-v1\1.3.4\proto-google-iam-v1-1.3.4.jar;C:\Users\Admin\.m2\repository\com\google\protobuf\protobuf-java\3.20.1\protobuf-java-3.20.1.jar;C:\Users\Admin\.m2\repository\com\google\protobuf\protobuf-java-util\3.20.1\protobuf-java-util-3.20.1.jar;C:\Users\Admin\.m2\repository\org\threeten\threetenbp\1.6.0\threetenbp-1.6.0.jar;C:\Users\Admin\.m2\repository\com\google\cloud\google-cloud-firestore\3.2.0\google-cloud-firestore-3.2.0.jar;C:\Users\Admin\.m2\repository\com\google\cloud\google-cloud-core-grpc\2.7.1\google-cloud-core-grpc-2.7.1.jar;C:\Users\Admin\.m2\repository\io\grpc\grpc-core\1.46.0\grpc-core-1.46.0.jar;C:\Users\Admin\.m2\repository\com\google\android\annotations\4.1.1.4\annotations-4.1.1.4.jar;C:\Users\Admin\.m2\repository\org\codehaus\mojo\animal-sniffer-annotations\1.21\animal-sniffer-annotations-1.21.jar;C:\Users\Admin\.m2\repository\io\perfmark\perfmark-api\0.25.0\perfmark-api-0.25.0.jar;C:\Users\Admin\.m2\repository\commons-logging\commons-logging\1.2\commons-logging-1.2.jar;C:\Users\Admin\.m2\repository\commons-codec\commons-codec\1.17.2\commons-codec-1.17.2.jar;C:\Users\Admin\.m2\repository\com\google\api\grpc\proto-google-cloud-firestore-v1\3.2.0\proto-google-cloud-firestore-v1-3.2.0.jar;C:\Users\Admin\.m2\repository\com\google\cloud\proto-google-cloud-firestore-bundle-v1\3.2.0\proto-google-cloud-firestore-bundle-v1-3.2.0.jar;C:\Users\Admin\.m2\repository\io\opencensus\opencensus-contrib-grpc-util\0.31.1\opencensus-contrib-grpc-util-0.31.1.jar;C:\Users\Admin\.m2\repository\io\grpc\grpc-protobuf\1.46.0\grpc-protobuf-1.46.0.jar;C:\Users\Admin\.m2\repository\io\grpc\grpc-protobuf-lite\1.46.0\grpc-protobuf-lite-1.46.0.jar;C:\Users\Admin\.m2\repository\io\grpc\grpc-api\1.46.0\grpc-api-1.46.0.jar;C:\Users\Admin\.m2\repository\com\google\api\gax-grpc\2.18.1\gax-grpc-2.18.1.jar;C:\Users\Admin\.m2\repository\io\grpc\grpc-alts\1.46.0\grpc-alts-1.46.0.jar;C:\Users\Admin\.m2\repository\io\grpc\grpc-grpclb\1.46.0\grpc-grpclb-1.46.0.jar;C:\Users\Admin\.m2\repository\org\conscrypt\conscrypt-openjdk-uber\2.5.1\conscrypt-openjdk-uber-2.5.1.jar;C:\Users\Admin\.m2\repository\io\grpc\grpc-auth\1.46.0\grpc-auth-1.46.0.jar;C:\Users\Admin\.m2\repository\io\grpc\grpc-netty-shaded\1.46.0\grpc-netty-shaded-1.46.0.jar;C:\Users\Admin\.m2\repository\io\grpc\grpc-googleapis\1.46.0\grpc-googleapis-1.46.0.jar;C:\Users\Admin\.m2\repository\io\grpc\grpc-xds\1.46.0\grpc-xds-1.46.0.jar;C:\Users\Admin\.m2\repository\io\grpc\grpc-services\1.46.0\grpc-services-1.46.0.jar;C:\Users\Admin\.m2\repository\com\google\re2j\re2j\1.5\re2j-1.5.jar;C:\Users\Admin\.m2\repository\org\bouncycastle\bcpkix-jdk15on\1.67\bcpkix-jdk15on-1.67.jar;C:\Users\Admin\.m2\repository\org\bouncycastle\bcprov-jdk15on\1.67\bcprov-jdk15on-1.67.jar;C:\Users\Admin\.m2\repository\io\opencensus\opencensus-proto\0.2.0\opencensus-proto-0.2.0.jar;C:\Users\Admin\.m2\repository\io\grpc\grpc-stub\1.46.0\grpc-stub-1.46.0.jar;C:\Users\Admin\.m2\repository\com\google\guava\guava\33.3.1-jre\guava-33.3.1-jre.jar;C:\Users\Admin\.m2\repository\org\slf4j\slf4j-api\2.0.16\slf4j-api-2.0.16.jar;C:\Users\Admin\.m2\repository\io\netty\netty-codec-http\4.1.117.Final\netty-codec-http-4.1.117.Final.jar;C:\Users\Admin\.m2\repository\io\netty\netty-common\4.1.117.Final\netty-common-4.1.117.Final.jar;C:\Users\Admin\.m2\repository\io\netty\netty-buffer\4.1.117.Final\netty-buffer-4.1.117.Final.jar;C:\Users\Admin\.m2\repository\io\netty\netty-codec\4.1.117.Final\netty-codec-4.1.117.Final.jar;C:\Users\Admin\.m2\repository\io\netty\netty-handler\4.1.117.Final\netty-handler-4.1.117.Final.jar;C:\Users\Admin\.m2\repository\io\netty\netty-resolver\4.1.117.Final\netty-resolver-4.1.117.Final.jar;C:\Users\Admin\.m2\repository\io\netty\netty-transport-native-unix-common\4.1.117.Final\netty-transport-native-unix-common-4.1.117.Final.jar;C:\Users\Admin\.m2\repository\io\netty\netty-transport\4.1.117.Final\netty-transport-4.1.117.Final.jar;C:\Users\Admin\.m2\repository\com\github\ben-manes\caffeine\caffeine\3.1.8\caffeine-3.1.8.jar;C:\Users\Admin\.m2\repository\org\checkerframework\checker-qual\3.37.0\checker-qual-3.37.0.jar;C:\Users\Admin\.m2\repository\com\google\errorprone\error_prone_annotations\2.21.1\error_prone_annotations-2.21.1.jar
Launcher Type: SUN_STANDARD

[Global flags]
     intx CICompilerCount                          = 12                                        {product} {ergonomic}
     uint ConcGCThreads                            = 3                                         {product} {ergonomic}
     uint G1ConcRefinementThreads                  = 13                                        {product} {ergonomic}
   size_t G1HeapRegionSize                         = 4194304                                   {product} {ergonomic}
    uintx GCDrainStackTargetSize                   = 64                                        {product} {ergonomic}
   size_t InitialHeapSize                          = 465567744                                 {product} {ergonomic}
   size_t MarkStackSize                            = 4194304                                   {product} {ergonomic}
   size_t MaxHeapSize                              = 7436500992                                {product} {ergonomic}
   size_t MaxNewSize                               = 4458545152                                {product} {ergonomic}
   size_t MinHeapDeltaBytes                        = 4194304                                   {product} {ergonomic}
   size_t MinHeapSize                              = 8388608                                   {product} {ergonomic}
    uintx NonNMethodCodeHeapSize                   = 7602480                                {pd product} {ergonomic}
    uintx NonProfiledCodeHeapSize                  = 122027880                              {pd product} {ergonomic}
    uintx ProfiledCodeHeapSize                     = 122027880                              {pd product} {ergonomic}
    uintx ReservedCodeCacheSize                    = 251658240                              {pd product} {ergonomic}
     bool SegmentedCodeCache                       = true                                      {product} {ergonomic}
     bool ShowCodeDetailsInExceptionMessages       = true                                   {manageable} {command line}
   size_t SoftMaxHeapSize                          = 7436500992                             {manageable} {ergonomic}
     bool UseCompressedOops                        = true                           {product lp64_product} {ergonomic}
     bool UseG1GC                                  = true                                      {product} {ergonomic}
     bool UseLargePagesIndividualAllocation        = false                                  {pd product} {ergonomic}

Logging:
Log output configuration:
 #0: stdout all=warning uptime,level,tags foldmultilines=false
 #1: stderr all=off uptime,level,tags foldmultilines=false

Environment Variables:
JAVA_HOME=D:\jdk
PATH=C:\Program Files\Common Files\Oracle\Java\javapath;C:\WINDOWS\system32;C:\WINDOWS;C:\WINDOWS\System32\Wbem;C:\WINDOWS\System32\WindowsPowerShell\v1.0\;C:\WINDOWS\System32\OpenSSH\;D:\xampp\php;D:\xampp;D:\Git\cmd;C:\Program Files\dotnet\;C:\Program Files\Microsoft SQL Server\150\Tools\Binn\;C:\Program Files\Microsoft SQL Server\Client SDK\ODBC\170\Tools\Binn\;C:\Program Files (x86)\Microsoft SQL Server\160\DTS\Binn\;C:\Program Files\Azure Data Studio\bin;C:\Program Files (x86)\Microsoft SQL Server\160\Tools\Binn\;C:\Program Files\Microsoft SQL Server\160\Tools\Binn\;C:\Program Files\Microsoft SQL Server\160\DTS\Binn\;C:\ProgramData\chocolatey\bin;D:\nodejs\;C:\Users\Admin\AppData\Local\Programs\Python\Launcher\;C:\Users\Admin\Downloads\flutter\bin;C:\Users\Admin\AppData\Local\Programs\Microsoft VS Code\bin;C:\Users\Admin\AppData\Local\Microsoft\WindowsApps;C:\tools\dart-sdk\bin;C:\Users\Admin\AppData\Local\Pub\Cache\bin;C:\Users\Admin\AppData\Local\Microsoft\WindowsApps\python.exe;C:\Users\Admin\AppData\Roaming\npm
USERNAME=Admin
LANG=en_US.UTF-8
OS=Windows_NT
PROCESSOR_IDENTIFIER=AMD64 Family 25 Model 68 Stepping 1, AuthenticAMD
TMP=C:\Users\Admin\AppData\Local\Temp
TEMP=C:\Users\Admin\AppData\Local\Temp




Periodic native trim disabled

---------------  S Y S T E M  ---------------

OS:
 Windows 11 , 64 bit Build 26100 (10.0.26100.3323)
OS uptime: 6 days 19:36 hours

CPU: total 16 (initial active 16) (16 cores per cpu, 2 threads per core) family 25 model 68 stepping 1 microcode 0xa404102, cx8, cmov, fxsr, ht, mmx, 3dnowpref, sse, sse2, sse3, ssse3, sse4a, sse4.1, sse4.2, popcnt, lzcnt, tsc, tscinvbit, avx, avx2, aes, erms, clmul, bmi1, bmi2, adx, sha, fma, vzeroupper, clflush, clflushopt, rdtscp, rdpid, fsrm, f16c, pku, cet_ss
Processor Information for all 16 processors :
  Max Mhz: 3201, Current Mhz: 2560, Mhz Limit: 3201

Memory: 4k page, system-wide physical 28356M (7503M free)
TotalPageFile size 63661M (AvailPageFile size 4M)
current process WorkingSet (physical memory assigned to process): 529M, peak: 600M
current process commit charge ("private bytes"): 592M, peak: 648M

vm_info: Java HotSpot(TM) 64-Bit Server VM (21.0.1+12-LTS-29) for windows-amd64 JRE (21.0.1+12-LTS-29), built on 2023-10-05T13:27:09Z by "mach5one" with MS VC++ 17.1 (VS2022)

END.
